[*] Port scan Top TCP Ports (top-tcp-ports) ran a command which returned a non-zero exit code (139).
[-] Command: nmap -vv --reason -Pn -T4 -sV -sC --version-all -A --osscan-guess -oN "/mnt/e/OneDrive/Workspace/oscp-note/Hackthebox/Photobomb/results/photobomb.htb/scans/_quick_tcp_nmap.txt" -oX "/mnt/e/OneDrive/Workspace/oscp-note/Hackthebox/Photobomb/results/photobomb.htb/scans/xml/_quick_tcp_nmap.xml" photobomb.htb
[-] Error Output:
Host discovery disabled (-Pn). All addresses will be marked 'up' and scan times may be slower.
Segmentation fault


[*] Service scan Nmap SSH (tcp/22/ssh/nmap-ssh) ran a command which returned a non-zero exit code (139).
[-] Command: nmap -vv --reason -Pn -T4 -sV -p 22 --script="banner,ssh2-enum-algos,ssh-hostkey,ssh-auth-methods" -oN "/mnt/e/OneDrive/Workspace/oscp-note/Hackthebox/Photobomb/results/photobomb.htb/scans/tcp22/tcp_22_ssh_nmap.txt" -oX "/mnt/e/OneDrive/Workspace/oscp-note/Hackthebox/Photobomb/results/photobomb.htb/scans/tcp22/xml/tcp_22_ssh_nmap.xml" photobomb.htb
[-] Error Output:
Host discovery disabled (-Pn). All addresses will be marked 'up' and scan times may be slower.
Segmentation fault


[*] Port scan Top 100 UDP Ports (top-100-udp-ports) ran a command which returned a non-zero exit code (139).
[-] Command: nmap -vv --reason -Pn -T4 -sU -A --top-ports 100 -oN "/mnt/e/OneDrive/Workspace/oscp-note/Hackthebox/Photobomb/results/photobomb.htb/scans/_top_100_udp_nmap.txt" -oX "/mnt/e/OneDrive/Workspace/oscp-note/Hackthebox/Photobomb/results/photobomb.htb/scans/xml/_top_100_udp_nmap.xml" photobomb.htb
[-] Error Output:
Host discovery disabled (-Pn). All addresses will be marked 'up' and scan times may be slower.
Segmentation fault


[*] Service scan Nmap HTTP (tcp/80/http/nmap-http) ran a command which returned a non-zero exit code (139).
[-] Command: nmap -vv --reason -Pn -T4 -sV -p 80 --script="banner,(http* or ssl*) and not (brute or broadcast or dos or external or http-slowloris* or fuzzer)" -oN "/mnt/e/OneDrive/Workspace/oscp-note/Hackthebox/Photobomb/results/photobomb.htb/scans/tcp80/tcp_80_http_nmap.txt" -oX "/mnt/e/OneDrive/Workspace/oscp-note/Hackthebox/Photobomb/results/photobomb.htb/scans/tcp80/xml/tcp_80_http_nmap.xml" photobomb.htb
[-] Error Output:
Host discovery disabled (-Pn). All addresses will be marked 'up' and scan times may be slower.
Segmentation fault


[*] Port scan All TCP Ports (all-tcp-ports) ran a command which returned a non-zero exit code (139).
[-] Command: nmap -vv --reason -Pn -T4 -sV -sC --version-all -A --osscan-guess -p- -oN "/mnt/e/OneDrive/Workspace/oscp-note/Hackthebox/Photobomb/results/photobomb.htb/scans/_full_tcp_nmap.txt" -oX "/mnt/e/OneDrive/Workspace/oscp-note/Hackthebox/Photobomb/results/photobomb.htb/scans/xml/_full_tcp_nmap.xml" photobomb.htb
[-] Error Output:
Host discovery disabled (-Pn). All addresses will be marked 'up' and scan times may be slower.
adjust_timeouts2: packet supposedly had rtt of -240473 microseconds.  Ignoring time.
adjust_timeouts2: packet supposedly had rtt of -240473 microseconds.  Ignoring time.
adjust_timeouts2: packet supposedly had rtt of -1918436 microseconds.  Ignoring time.
adjust_timeouts2: packet supposedly had rtt of -1918436 microseconds.  Ignoring time.
Segmentation fault


